<?xml version="1.0" encoding="UTF-8"?>
<testng-results ignored="0" total="1" passed="1" failed="0" skipped="0">
  <reporter-output>
  </reporter-output>
  <suite started-at="2024-02-24T13:02:48 IST" name="Suite" finished-at="2024-02-24T13:02:52 IST" duration-ms="3361">
    <groups>
    </groups>
    <test started-at="2024-02-24T13:02:48 IST" name="endtoendTestcase" finished-at="2024-02-24T13:02:52 IST" duration-ms="3361">
      <class name="endtoendtestcase.endtoendTC">
        <test-method is-config="true" signature="setup(java.lang.String)[pri:0, instance:endtoendtestcase.endtoendTC@70325e14]" started-at="2024-02-24T13:02:48 IST" name="setup" finished-at="2024-02-24T13:02:51 IST" duration-ms="2958" status="PASS">
          <params>
            <param index="0">
              <value>
                <![CDATA[Chrome]]>
              </value>
            </param>
          </params>
          <reporter-output>
          </reporter-output>
        </test-method> <!-- setup -->
        <test-method signature="vegetables()[pri:0, instance:endtoendtestcase.endtoendTC@70325e14]" started-at="2024-02-24T13:02:51 IST" name="vegetables" finished-at="2024-02-24T13:02:52 IST" duration-ms="287" status="PASS">
          <reporter-output>
          </reporter-output>
        </test-method> <!-- vegetables -->
        <test-method is-config="true" signature="teardown()[pri:0, instance:endtoendtestcase.endtoendTC@70325e14]" started-at="2024-02-24T13:02:52 IST" name="teardown" finished-at="2024-02-24T13:02:52 IST" duration-ms="83" status="PASS">
          <reporter-output>
          </reporter-output>
        </test-method> <!-- teardown -->
      </class> <!-- endtoendtestcase.endtoendTC -->
    </test> <!-- endtoendTestcase -->
  </suite> <!-- Suite -->
</testng-results>
