<?xml version="1.0" encoding="UTF-8"?>
<testng-results ignored="0" total="1" passed="1" failed="0" skipped="0">
  <reporter-output>
  </reporter-output>
  <suite started-at="2023-10-25T22:59:31 IST" name="Default suite" finished-at="2023-10-25T22:59:32 IST" duration-ms="672">
    <groups>
    </groups>
    <test started-at="2023-10-25T22:59:31 IST" name="Default test" finished-at="2023-10-25T22:59:32 IST" duration-ms="672">
      <class name="utilityexcel">
        <test-method signature="excel()[pri:0, instance:utilityexcel@776aec5c]" started-at="2023-10-25T22:59:31 IST" name="excel" finished-at="2023-10-25T22:59:32 IST" duration-ms="637" status="PASS">
          <reporter-output>
          </reporter-output>
        </test-method> <!-- excel -->
      </class> <!-- utilityexcel -->
    </test> <!-- Default test -->
  </suite> <!-- Default suite -->
</testng-results>
