<?xml version="1.0" encoding="UTF-8"?>
<testng-results ignored="0" total="2" passed="2" failed="0" skipped="0">
  <reporter-output>
  </reporter-output>
  <suite started-at="2023-10-09T00:03:33 IST" name="Suite" finished-at="2023-10-09T00:03:33 IST" duration-ms="60">
    <groups>
    </groups>
    <test started-at="2023-10-09T00:03:33 IST" name="Test" finished-at="2023-10-09T00:03:33 IST" duration-ms="60">
      <class name="Testngprac">
        <test-method signature="Test123()[pri:0, instance:Testngprac@4802796d]" started-at="2023-10-09T00:03:33 IST" name="Test123" finished-at="2023-10-09T00:03:33 IST" duration-ms="13" status="PASS">
          <reporter-output>
          </reporter-output>
        </test-method> <!-- Test123 -->
      </class> <!-- Testngprac -->
      <class name="Testngprac2">
        <test-method signature="Test1234()[pri:0, instance:Testngprac2@515c6049]" started-at="2023-10-09T00:03:33 IST" name="Test1234" finished-at="2023-10-09T00:03:33 IST" duration-ms="1" status="PASS">
          <reporter-output>
          </reporter-output>
        </test-method> <!-- Test1234 -->
      </class> <!-- Testngprac2 -->
    </test> <!-- Test -->
  </suite> <!-- Suite -->
</testng-results>
