<?xml version="1.0" encoding="UTF-8"?>
<testng-results ignored="0" total="2" passed="2" failed="0" skipped="0">
  <reporter-output>
  </reporter-output>
  <suite started-at="2024-02-08T23:17:17 IST" name="Suite" finished-at="2024-02-08T23:17:17 IST" duration-ms="62">
    <groups>
    </groups>
    <test started-at="2024-02-08T23:17:17 IST" name="Test" finished-at="2024-02-08T23:17:17 IST" duration-ms="62">
      <class name="Testngprac">
        <test-method signature="Test123()[pri:0, instance:Testngprac@7a8c8dcf]" started-at="2024-02-08T23:17:17 IST" name="Test123" finished-at="2024-02-08T23:17:17 IST" duration-ms="11" status="PASS">
          <reporter-output>
          </reporter-output>
        </test-method> <!-- Test123 -->
      </class> <!-- Testngprac -->
      <class name="Testngprac2">
        <test-method signature="Test1234()[pri:0, instance:Testngprac2@710f4dc7]" started-at="2024-02-08T23:17:17 IST" name="Test1234" finished-at="2024-02-08T23:17:17 IST" duration-ms="3" status="PASS">
          <reporter-output>
          </reporter-output>
        </test-method> <!-- Test1234 -->
      </class> <!-- Testngprac2 -->
    </test> <!-- Test -->
  </suite> <!-- Suite -->
</testng-results>
